This is pdfTeX, Version 3.14159265-2.6-1.40.16 (TeX Live 2015/Debian) (preloaded format=latex 2017.9.5)  5 MAY 2018 11:02
entering extended mode
 restricted \write18 enabled.
 %&-line parsing enabled.
**kandi.tex
(./kandi.tex
LaTeX2e <2016/02/01>
Babel <3.9q> and hyphenation patterns for 16 language(s) loaded.
(./tktltiki.cls
Document Class: tktltiki 2007/09/12 v1.1 Dokumenttiluokka TiKi-kurssia varten
(/usr/share/texlive/texmf-dist/tex/latex/base/article.cls
Document Class: article 2014/09/29 v1.4h Standard LaTeX document class
(/usr/share/texlive/texmf-dist/tex/latex/base/size12.clo
File: size12.clo 2014/09/29 v1.4h Standard LaTeX file (size option)
)
\c@part=\count79
\c@section=\count80
\c@subsection=\count81
\c@subsubsection=\count82
\c@paragraph=\count83
\c@subparagraph=\count84
\c@figure=\count85
\c@table=\count86
\abovecaptionskip=\skip41
\belowcaptionskip=\skip42
\bibindent=\dimen102
)
(/usr/share/texlive/texmf-dist/tex/latex/base/latexsym.sty
Package: latexsym 1998/08/17 v2.2e Standard LaTeX package (lasy symbols)
\symlasy=\mathgroup4
LaTeX Font Info:    Overwriting symbol font `lasy' in version `bold'
(Font)                  U/lasy/m/n --> U/lasy/b/n on input line 52.
)
(/usr/share/texlive/texmf-dist/tex/latex/base/inputenc.sty
Package: inputenc 2015/03/17 v1.2c Input encoding file
\inpenc@prehook=\toks14
\inpenc@posthook=\toks15

(/usr/share/texlive/texmf-dist/tex/latex/base/latin9.def
File: latin9.def 2015/03/17 v1.2c Input encoding file
))
(/usr/share/texlive/texmf-dist/tex/latex/base/fontenc.sty
Package: fontenc 2005/09/27 v1.99g Standard LaTeX package

(/usr/share/texlive/texmf-dist/tex/latex/base/t1enc.def
File: t1enc.def 2005/09/27 v1.99g Standard LaTeX file
LaTeX Font Info:    Redeclaring font encoding T1 on input line 48.
))
(/usr/share/texlive/texmf-dist/tex/generic/babel/babel.sty
Package: babel 2016/02/24 3.9q The Babel package


! Package babel Error: Unknown option `finnish'. Either you misspelled it
(babel)                or the language definition file finnish.ldf was not foun
d.

See the babel package documentation for explanation.
Type  H <return>  for immediate help.
 ...                                              
                                                  
l.310 \ProcessOptions*
                      
? 
! Interruption.
\GenericError  ...                                
                                                  \endgroup 
l.310 \ProcessOptions*
                      
? ^^A
Type <return> to proceed, S to scroll future error messages,
R to run without stopping, Q to run quietly,
I to insert something, E to edit your file,
H for help, X to quit.
? 

! Package babel Error: You haven't specified a language option.

See the babel package documentation for explanation.
Type  H <return>  for immediate help.
 ...                                              
                                                  
l.343 ...ry to proceed from here, type x to quit.}
                                                  
? 
) (/usr/share/texlive/texmf-dist/tex/latex/geometry/geometry.sty
Package: geometry 2010/09/12 v5.6 Page Geometry

(/usr/share/texlive/texmf-dist/tex/latex/graphics/keyval.sty
Package: keyval 2014/10/28 v1.15 key=value parser (DPC)
\KV@toks@=\toks16
)
(/usr/share/texlive/texmf-dist/tex/generic/oberdiek/ifpdf.sty
Package: ifpdf 2011/01/30 v2.3 Provides the ifpdf switch (HO)
Package ifpdf Info: pdfTeX in PDF mode is not detected.
)
(/usr/share/texlive/texmf-dist/tex/generic/oberdiek/ifvtex.sty
Package: ifvtex 2010/03/01 v1.5 Detect VTeX and its facilities (HO)
Package ifvtex Info: VTeX not detected.
)
(/usr/share/texlive/texmf-dist/tex/generic/ifxetex/ifxetex.sty
Package: ifxetex 2010/09/12 v0.6 Provides ifxetex conditional
)
\Gm@cnth=\count87
\Gm@cntv=\count88
\c@Gm@tempcnt=\count89
\Gm@bindingoffset=\dimen103
\Gm@wd@mp=\dimen104
\Gm@odd@mp=\dimen105
\Gm@even@mp=\dimen106
\Gm@layoutwidth=\dimen107
\Gm@layoutheight=\dimen108
\Gm@layouthoffset=\dimen109
\Gm@layoutvoffset=\dimen110
\Gm@dimlist=\toks17
)

Package geometry Warning: Over-specification in `h'-direction.
    `width' (426.79134pt) is ignored.

\c@appendix=\count90
\c@appendixpage=\count91
(/usr/share/texlive/texmf-dist/tex/latex/base/openbib.sty)
! Undefined control sequence.
<recently read> \addto 
                       
l.213 \addto
            \captionsfinnish{\def\refname{Lähteet}}
? 
! Undefined control sequence.
l.213 \addto\captionsfinnish
                            {\def\refname{Lähteet}}
? 
! Undefined control sequence.
l.214 \addto
            \captionsenglish{\def\enclname{Appendices}}
? 
! Undefined control sequence.
l.214 \addto\captionsenglish
                            {\def\enclname{Appendices}}
? 
! Undefined control sequence.
l.215 \addto
            \captionsswedish{\def\enclname{Bilagor}}
? 
! Undefined control sequence.
l.215 \addto\captionsswedish
                            {\def\enclname{Bilagor}}
? 
! Undefined control sequence.
l.239 \addto
            \captionsfinnish{%
? 
! Undefined control sequence.
l.239 \addto\captionsfinnish
                            {%
? 
! Undefined control sequence.
l.247 \addto
            \captionsenglish{%
? 
! Undefined control sequence.
l.247 \addto\captionsenglish
                            {%
? 
! Undefined control sequence.
l.255 \addto
            \captionsswedish{%
? 
! Undefined control sequence.
l.255 \addto\captionsswedish
                            {%
? 
! Undefined control sequence.
l.318 \addto
            \captionsfinnish{%
? 
! Undefined control sequence.
l.318 \addto\captionsfinnish
                            {%
? 
! Undefined control sequence.
l.323 \addto
            \captionsenglish{%
? 
! Undefined control sequence.
l.323 \addto\captionsenglish
                            {%
? 
! Undefined control sequence.
l.328 \addto
            \captionsswedish{%
? 
! Undefined control sequence.
l.328 \addto\captionsswedish
                            {%
? 
\@abstract=\box26
) (/usr/share/texlive/texmf-dist/tex/latex/graphics/epsfig.sty
Package: epsfig 1999/02/16 v1.7a (e)psfig emulation (SPQR)

(/usr/share/texlive/texmf-dist/tex/latex/graphics/graphicx.sty
Package: graphicx 2014/10/28 v1.0g Enhanced LaTeX Graphics (DPC,SPQR)

(/usr/share/texlive/texmf-dist/tex/latex/graphics/graphics.sty
Package: graphics 2016/01/03 v1.0q Standard LaTeX Graphics (DPC,SPQR)

(/usr/share/texlive/texmf-dist/tex/latex/graphics/trig.sty
Package: trig 2016/01/03 v1.10 sin cos tan (DPC)
)
(/usr/share/texlive/texmf-dist/tex/latex/latexconfig/graphics.cfg
File: graphics.cfg 2010/04/23 v1.9 graphics configuration of TeX Live
)
Package graphics Info: Driver file: dvips.def on input line 95.

(/usr/share/texlive/texmf-dist/tex/latex/graphics/dvips.def
File: dvips.def 2015/12/30 v3.0k Driver-dependent file (DPC,SPQR)
))
\Gin@req@height=\dimen111
\Gin@req@width=\dimen112
)
\epsfxsize=\dimen113
\epsfysize=\dimen114
)
(/usr/share/texlive/texmf-dist/tex/latex/subfigure/subfigure.sty
Package: subfigure 2002/03/15 v2.1.5 subfigure package
\subfigtopskip=\skip43
\subfigcapskip=\skip44
\subfigcaptopadj=\dimen115
\subfigbottomskip=\skip45
\subfigcapmargin=\dimen116
\subfiglabelskip=\skip46
\c@subfigure=\count92
\c@lofdepth=\count93
\c@subtable=\count94
\c@lotdepth=\count95

****************************************
* Local config file subfigure.cfg used *
****************************************
(/usr/share/texlive/texmf-dist/tex/latex/subfigure/subfigure.cfg)
\subfig@top=\skip47
\subfig@bottom=\skip48
)
(/usr/share/texlive/texmf-dist/tex/latex/url/url.sty
\Urlmuskip=\muskip10
Package: url 2013/09/16  ver 3.4  Verb mode for urls, etc.
) (./kandi.aux)
\openout1 = `kandi.aux'.

LaTeX Font Info:    Checking defaults for OML/cmm/m/it on input line 9.
LaTeX Font Info:    ... okay on input line 9.
LaTeX Font Info:    Checking defaults for T1/cmr/m/n on input line 9.
LaTeX Font Info:    ... okay on input line 9.
LaTeX Font Info:    Checking defaults for OT1/cmr/m/n on input line 9.
LaTeX Font Info:    ... okay on input line 9.
LaTeX Font Info:    Checking defaults for OMS/cmsy/m/n on input line 9.
LaTeX Font Info:    ... okay on input line 9.
LaTeX Font Info:    Checking defaults for OMX/cmex/m/n on input line 9.
LaTeX Font Info:    ... okay on input line 9.
LaTeX Font Info:    Checking defaults for U/cmr/m/n on input line 9.
LaTeX Font Info:    ... okay on input line 9.

*geometry* driver: auto-detecting
*geometry* detected driver: dvips
*geometry* verbose mode - [ preamble ] result:
* driver: dvips
* paper: <default>
* layout: <same size as paper>
* layoutoffset:(h,v)=(0.0pt,0.0pt)
* modes: 
* h-part:(L,W,R)=(99.58464pt, 426.79135pt, 71.13188pt)
* v-part:(T,H,B)=(71.13188pt, 654.41338pt, 119.50159pt)
* \paperwidth=597.50787pt
* \paperheight=845.04684pt
* \textwidth=426.79135pt
* \textheight=654.41338pt
* \oddsidemargin=27.31465pt
* \evensidemargin=27.31465pt
* \topmargin=-29.59084pt
* \headheight=14.22636pt
* \headsep=14.22636pt
* \topskip=12.0pt
* \footskip=30.0pt
* \marginparwidth=35.0pt
* \marginparsep=10.0pt
* \columnsep=10.0pt
* \skip\footins=10.8pt plus 4.0pt minus 2.0pt
* \hoffset=0.0pt
* \voffset=0.0pt
* \mag=1000
* \@twocolumnfalse
* \@twosidefalse
* \@mparswitchfalse
* \@reversemarginfalse
* (1in=72.27pt=25.4mm, 1cm=28.453pt)

! Undefined control sequence.
\maketitle ...e \hspace *{85mm} \dateofacceptance 
                                                  \hspace {10mm} \grade \^^M...
l.19 \maketitle
               
? 
! Undefined control sequence.
\maketitle ...eofacceptance \hspace {10mm} \grade 
                                                  \^^M\fi \par \vspace {10mm...
l.19 \maketitle
               
? 
! Undefined control sequence.
\maketitle ...} \else \hspace *{85mm} \instructor 
                                                  \fi \par \vspace *{70mm} \...
l.19 \maketitle
               
? 
! Undefined control sequence.
\maketitle ...\@author \par \vfill \par \helsinki 
                                                  \ \@date \par \@level \par...
l.19 \maketitle
               
? 
! Undefined control sequence.
\maketitle ...inki \ \@date \par \@level \par \uh 
                                                  \\ \@department \par \end ...
l.19 \maketitle
               
? 

! LaTeX Error: There's no line here to end.

See the LaTeX manual or LaTeX Companion for explanation.
Type  H <return>  for immediate help.
 ...                                              
                                                  
l.19 \maketitle
               
? 
[1

]
LaTeX Font Info:    External font `cmex10' loaded for size
(Font)              <12> on input line 28.
LaTeX Font Info:    External font `cmex10' loaded for size
(Font)              <8> on input line 28.
LaTeX Font Info:    External font `cmex10' loaded for size
(Font)              <6> on input line 28.
LaTeX Font Info:    Try loading font information for U+lasy on input line 28.
 (/usr/share/texlive/texmf-dist/tex/latex/base/ulasy.fd
File: ulasy.fd 1998/08/17 v2.2e LaTeX symbol font definitions
)
Overfull \hbox (153.20865pt too wide) in paragraph at lines 31--31
[][] 
 []


Overfull \vbox (190.58662pt too high) has occurred while \output is active []


[1] (./kandi.toc)
\tf@toc=\write3
\openout3 = `kandi.toc'.

 [2]
Overfull \hbox (7.91331pt too wide) in paragraph at lines 45--46
[]\T1/cmr/m/n/12 Vaihtoehtoisia ratkaisuja per-in-teisem-mille merk-in-tun-nis-
tus-ratkaisulle on vi-ime aikoina
 []


Overfull \hbox (14.7263pt too wide) in paragraph at lines 45--46
\T1/cmr/m/n/12 pyritty et-simään ko-neop-pimisen kautta. Täl-lai-sissa ratkaisu
-issa on tyyp-il-lis-esti käytössä
 []


Overfull \hbox (38.51291pt too wide) in paragraph at lines 57--59
\T1/cmr/m/n/12 utta ja sitä kautta lu-otet-tavu-utta sekä MICR- että myöhem-min
 myös OCR-teknologioissa.[[]] 
 []

[1]

! LaTeX Error: File `Noise_salt_and_pepper' not found.

See the LaTeX manual or LaTeX Companion for explanation.
Type  H <return>  for immediate help.
 ...                                              
                                                  
l.79 ...hics[height = 10cm]{Noise_salt_and_pepper}
                                                  
? 
[2] [3]

! LaTeX Error: File `ocr-feature-detection' not found.

See the LaTeX manual or LaTeX Companion for explanation.
Type  H <return>  for immediate help.
 ...                                              
                                                  
l.103 	\includegraphics{ocr-feature-detection}
                                              
? 

Overfull \hbox (4.06708pt too wide) in paragraph at lines 110--111
\T1/cmr/m/n/12 Ominaisuuksien tun-nistami-nen ha-jot-taa merkit pienem-miksi os
iksi, kuten es-imerkiksi
 []

[4]
Overfull \hbox (5.50299pt too wide) in paragraph at lines 136--137
\T1/cmr/m/n/12 lään paino, jonka pe-rus-teella neu-roverkko tekee ole-tuk-sia d
atasta joka sille on syötetty. 
 []

[5] [6]
LaTeX Font Info:    Try loading font information for T1+cmtt on input line 182.

 (/usr/share/texlive/texmf-dist/tex/latex/base/t1cmtt.fd
File: t1cmtt.fd 2014/09/29 v2.5h Standard LaTeX font definitions
)
Overfull \hbox (269.91489pt too wide) in paragraph at lines 190--192
\T1/cmtt/m/n/12 http://www.cvisiontech.com/resources/ocr-primer/ocr-neural-netw
orks-and-other-machine-learning-techniques.html 
 []

[7]
! Undefined control sequence.
<argument> ...t \contentsline {section}{\enclname 
                                                  }{}}
l.208 \appendices
                 
? 
(./kandi.aux)

LaTeX Warning: Label(s) may have changed. Rerun to get cross-references right.

 ) 
Here is how much of TeX's memory you used:
 1810 strings out of 494434
 23586 string characters out of 6170364
 82025 words of memory out of 5000000
 5212 multiletter control sequences out of 15000+600000
 14669 words of font info for 37 fonts, out of 8000000 for 9000
 286 hyphenation exceptions out of 8191
 32i,7n,24p,1210b,174s stack positions out of 5000i,500n,10000p,200000b,80000s

Output written on kandi.dvi (10 pages, 28244 bytes).
